<?xml version="1.0" encoding="UTF-8"?>
<!-- Generated by org.testng.reporters.JUnitXMLReporter -->
<testsuite ignored="0" hostname="DESKTOP-6RCN4TN" failures="0" tests="6" name="Default test" time="40.092" errors="0" timestamp="2022-10-14T00:46:24 IST">
  <testcase classname="com.capstone.AadharCitizen" name="ChromeBrowser" time="3.609"/>
  <testcase classname="com.capstone.AadharCitizen" name="CitizenCheck" time="10.839"/>
  <testcase classname="com.capstone.AadharAdmin" name="ChromeBrowser" time="1.504"/>
  <testcase classname="com.capstone.AadharAdmin" name="TestHome" time="14.072"/>
  <testcase classname="com.capstone.AadharRegister" name="ChromeBrowser" time="1.598"/>
  <testcase classname="com.capstone.AadharRegister" name="TestHome" time="8.369"/>
</testsuite> <!-- Default test -->
